[debug] [2026-01-20T03:42:52.125Z] ----------------------------------------------------------------------
[debug] [2026-01-20T03:42:52.128Z] Command:       C:\Program Files\nodejs\node.exe C:\Users\lfage\npm\node_modules\firebase-tools\lib\bin\firebase.js emulators:start --only functions,firestore
[debug] [2026-01-20T03:42:52.128Z] CLI Version:   15.3.1
[debug] [2026-01-20T03:42:52.128Z] Platform:      win32
[debug] [2026-01-20T03:42:52.128Z] Node Version:  v20.19.0
[debug] [2026-01-20T03:42:52.129Z] Time:          Mon Jan 19 2026 22:42:52 GMT-0500 (Eastern Standard Time)
[debug] [2026-01-20T03:42:52.129Z] ----------------------------------------------------------------------
[debug] 
[debug] [2026-01-20T03:43:08.775Z] > command requires scopes: ["email","openid","https://www.googleapis.com/auth/cloudplatformprojects.readonly","https://www.googleapis.com/auth/firebase","https://www.googleapis.com/auth/cloud-platform"]
[debug] [2026-01-20T03:43:08.775Z] > authorizing via signed-in user (lfagel84@gmail.com)
[debug] [2026-01-20T03:43:08.882Z] openjdk version "21.0.9" 2025-10-21 LTS

[debug] [2026-01-20T03:43:08.883Z] OpenJDK Runtime Environment Temurin-21.0.9+10 (build 21.0.9+10-LTS)
OpenJDK 64-Bit Server VM Temurin-21.0.9+10 (build 21.0.9+10-LTS, mixed mode, sharing)

[debug] [2026-01-20T03:43:08.899Z] Parsed Java major version: 21
[info] i  emulators: Starting emulators: functions, firestore {"metadata":{"emulator":{"name":"hub"},"message":"Starting emulators: functions, firestore"}}
[info] i  emulators: Detected demo project ID "demo-no-project", emulated services will use a demo configuration and attempts to access non-emulated services for this project will fail. {"metadata":{"emulator":{"name":"hub"},"message":"Detected demo project ID \"demo-no-project\", emulated services will use a demo configuration and attempts to access non-emulated services for this project will fail."}}
[debug] [2026-01-20T03:43:08.910Z] [logging] Logging Emulator only supports listening on one address (127.0.0.1). Not listening on ::1
[debug] [2026-01-20T03:43:08.910Z] [firestore] Firestore Emulator only supports listening on one address (127.0.0.1). Not listening on ::1
[debug] [2026-01-20T03:43:08.910Z] [firestore.websocket] websocket server for firestore only supports listening on one address (127.0.0.1). Not listening on ::1
[debug] [2026-01-20T03:43:08.910Z] assigned listening specs for emulators {"user":{"hub":[{"address":"127.0.0.1","family":"IPv4","port":4400},{"address":"::1","family":"IPv6","port":4400}],"ui":[{"address":"127.0.0.1","family":"IPv4","port":4000},{"address":"::1","family":"IPv6","port":4000}],"logging":[{"address":"127.0.0.1","family":"IPv4","port":4500}],"firestore":[{"address":"127.0.0.1","family":"IPv4","port":8080}],"firestore.websocket":[{"address":"127.0.0.1","family":"IPv4","port":9150}]},"metadata":{"message":"assigned listening specs for emulators"}}
[debug] [2026-01-20T03:43:08.914Z] Write emulator hub locator at C:\Users\lfage\AppData\Local\Temp\hub-demo-no-project.json
[debug] [2026-01-20T03:43:08.927Z] [functions] Functions Emulator only supports listening on one address (127.0.0.1). Not listening on ::1
[debug] [2026-01-20T03:43:08.927Z] [eventarc] Eventarc Emulator only supports listening on one address (127.0.0.1). Not listening on ::1
[debug] [2026-01-20T03:43:08.927Z] [tasks] Cloud Tasks Emulator only supports listening on one address (127.0.0.1). Not listening on ::1
[debug] [2026-01-20T03:43:08.927Z] late-assigned ports for functions and eventarc emulators {"user":{"hub":[{"address":"127.0.0.1","family":"IPv4","port":4400},{"address":"::1","family":"IPv6","port":4400}],"ui":[{"address":"127.0.0.1","family":"IPv4","port":4000},{"address":"::1","family":"IPv6","port":4000}],"logging":[{"address":"127.0.0.1","family":"IPv4","port":4500}],"firestore":[{"address":"127.0.0.1","family":"IPv4","port":8080}],"firestore.websocket":[{"address":"127.0.0.1","family":"IPv4","port":9150}],"functions":[{"address":"127.0.0.1","family":"IPv4","port":5001}],"eventarc":[{"address":"127.0.0.1","family":"IPv4","port":9299}],"tasks":[{"address":"127.0.0.1","family":"IPv4","port":9499}]},"metadata":{"message":"late-assigned ports for functions and eventarc emulators"}}
[debug] [2026-01-20T03:43:08.943Z] defaultcredentials: writing to file C:\Users\lfage\AppData\Roaming\firebase\lfagel84_gmail_com_application_default_credentials.json
[debug] [2026-01-20T03:43:08.944Z] Setting GAC to C:\Users\lfage\AppData\Roaming\firebase\lfagel84_gmail_com_application_default_credentials.json {"metadata":{"emulator":{"name":"functions"},"message":"Setting GAC to C:\\Users\\lfage\\AppData\\Roaming\\firebase\\lfagel84_gmail_com_application_default_credentials.json"}}
[warn] !  firestore: Cloud Firestore Emulator does not support multiple databases yet. {"metadata":{"emulator":{"name":"firestore"},"message":"Cloud Firestore Emulator does not support multiple databases yet."}}
[warn] !  firestore: Did not find a Cloud Firestore rules file specified in a firebase.json config file. {"metadata":{"emulator":{"name":"firestore"},"message":"Did not find a Cloud Firestore rules file specified in a firebase.json config file."}}
[warn] !  firestore: The emulator will default to allowing all reads and writes. Learn more about this option: https://firebase.google.com/docs/emulator-suite/install_and_configure#security_rules_configuration. {"metadata":{"emulator":{"name":"firestore"},"message":"The emulator will default to allowing all reads and writes. Learn more about this option: https://firebase.google.com/docs/emulator-suite/install_and_configure#security_rules_configuration."}}
[debug] [2026-01-20T03:43:08.962Z] Ignoring unsupported arg: auto_download {"metadata":{"emulator":{"name":"firestore"},"message":"Ignoring unsupported arg: auto_download"}}
[debug] [2026-01-20T03:43:08.962Z] Ignoring unsupported arg: single_project_mode_error {"metadata":{"emulator":{"name":"firestore"},"message":"Ignoring unsupported arg: single_project_mode_error"}}
[debug] [2026-01-20T03:43:08.962Z] Starting Firestore Emulator with command {"binary":"java","args":["-Dgoogle.cloud_firestore.debug_log_level=FINE","-Duser.language=en","-jar","C:\\Users\\lfage\\.cache\\firebase\\emulators\\cloud-firestore-emulator-v1.20.2.jar","--host","127.0.0.1","--port",8080,"--websocket_port",9150,"--project_id","demo-no-project","--single_project_mode",true,"--functions_emulator","127.0.0.1:5001"],"optionalArgs":["port","webchannel_port","host","rules","websocket_port","functions_emulator","seed_from_export","project_id","single_project_mode"],"joinArgs":false,"shell":false,"port":8080} {"metadata":{"emulator":{"name":"firestore"},"message":"Starting Firestore Emulator with command {\"binary\":\"java\",\"args\":[\"-Dgoogle.cloud_firestore.debug_log_level=FINE\",\"-Duser.language=en\",\"-jar\",\"C:\\\\Users\\\\lfage\\\\.cache\\\\firebase\\\\emulators\\\\cloud-firestore-emulator-v1.20.2.jar\",\"--host\",\"127.0.0.1\",\"--port\",8080,\"--websocket_port\",9150,\"--project_id\",\"demo-no-project\",\"--single_project_mode\",true,\"--functions_emulator\",\"127.0.0.1:5001\"],\"optionalArgs\":[\"port\",\"webchannel_port\",\"host\",\"rules\",\"websocket_port\",\"functions_emulator\",\"seed_from_export\",\"project_id\",\"single_project_mode\"],\"joinArgs\":false,\"shell\":false,\"port\":8080}"}}
[info] i  firestore: Firestore Emulator logging to firestore-debug.log {"metadata":{"emulator":{"name":"firestore"},"message":"Firestore Emulator logging to \u001b[1mfirestore-debug.log\u001b[22m"}}
[debug] [2026-01-20T03:43:10.250Z] Jan 19, 2026 10:43:10 PM com.google.cloud.datastore.emulator.firestore.websocket.WebSocketServer start
INFO: Started WebSocket server on ws://127.0.0.1:9150
 {"metadata":{"emulator":{"name":"firestore"},"message":"Jan 19, 2026 10:43:10 PM com.google.cloud.datastore.emulator.firestore.websocket.WebSocketServer start\r\nINFO: Started WebSocket server on ws://127.0.0.1:9150\r\n"}}
[debug] [2026-01-20T03:43:10.323Z] API endpoint: http:// {"metadata":{"emulator":{"name":"firestore"},"message":"API endpoint: http://"}}
[debug] [2026-01-20T03:43:10.323Z] 127.0.0.1:8080
If you are using a library that supports the FIRESTORE_EMULATOR_HOST environment variable, run:

   export FIRESTORE_EMULATOR_HOST=127.0.0.1:8080

If you are running a Firestore in Datastore Mode project, run:

   export DATASTORE_EMULATOR_HOST=127.0.0.1:8080

Note: Support for Datastore Mode is in preview. If you encounter any bugs please file at https://github.com/firebase/firebase-tools/issues.
Dev App Server is now running.

 {"metadata":{"emulator":{"name":"firestore"},"message":"127.0.0.1:8080\nIf you are using a library that supports the FIRESTORE_EMULATOR_HOST environment variable, run:\r\n\n   export FIRESTORE_EMULATOR_HOST=127.0.0.1:8080\n\nIf you are running a Firestore in Datastore Mode project, run:\r\n\n   export DATASTORE_EMULATOR_HOST=127.0.0.1:8080\n\nNote: Support for Datastore Mode is in preview. If you encounter any bugs please file at https://github.com/firebase/firebase-tools/issues.\r\nDev App Server is now running.\n\r\n"}}
[info] +  firestore: Firestore Emulator UI websocket is running on 9150. {"metadata":{"emulator":{"name":"firestore"},"message":"Firestore Emulator UI websocket is running on 9150."}}
[info] i  functions: Watching "C:\Users\lfage\Sandbox\mobile-apps\pickle-connect\functions" for Cloud Functions... {"metadata":{"emulator":{"name":"functions"},"message":"Watching \"C:\\Users\\lfage\\Sandbox\\mobile-apps\\pickle-connect\\functions\" for Cloud Functions..."}}
[debug] [2026-01-20T03:43:10.430Z] Validating nodejs source
[warn] !  functions: package.json indicates an outdated version of firebase-functions. Please upgrade using npm install --save firebase-functions@latest in your functions directory. 
[warn] !  functions: Please note that there will be breaking changes when you upgrade. 
[debug] [2026-01-20T03:43:11.547Z] > [functions] package.json contents: {
  "name": "pickle-connect-functions",
  "version": "1.0.0",
  "description": "Firebase Cloud Functions for Pickle Connect email notifications",
  "main": "lib/index.js",
  "scripts": {
    "build": "tsc",
    "build:watch": "tsc --watch",
    "serve": "npm run build && firebase emulators:start --only functions,firestore",
    "shell": "npm run build && firebase functions:shell",
    "start": "npm run shell",
    "deploy": "firebase deploy --only functions",
    "logs": "firebase functions:log",
    "lint": "eslint --ext .ts src/",
    "lint:fix": "eslint --ext .ts src/ --fix"
  },
  "engines": {
    "node": "20"
  },
  "dependencies": {
    "firebase-admin": "^12.0.0",
    "firebase-functions": "^5.0.0",
    "@sendgrid/mail": "^8.1.0",
    "nodemailer": "^6.9.0"
  },
  "devDependencies": {
    "@types/nodemailer": "^6.4.14",
    "typescript": "^5.3.0",
    "eslint": "^8.56.0",
    "@typescript-eslint/eslint-plugin": "^6.19.0",
    "@typescript-eslint/parser": "^6.19.0",
    "firebase-functions-test": "^3.1.0"
  },
  "private": true
}
[debug] [2026-01-20T03:43:11.547Z] Building nodejs source
[debug] [2026-01-20T03:43:11.548Z] Failed to find version of module node: reached end of search path C:\Users\lfage\Sandbox\mobile-apps\pickle-connect\functions\node_modules
[info] +  functions: Using node@20 from host. 
[info] i  functions: Loaded environment variables from .env.local. 
[debug] [2026-01-20T03:43:11.551Z] Could not find functions.yaml. Must use http discovery
[debug] [2026-01-20T03:43:11.563Z] Found firebase-functions binary at 'C:\Users\lfage\Sandbox\mobile-apps\pickle-connect\functions\node_modules\.bin\firebase-functions'
[info] Serving at port 8544

[debug] [2026-01-20T03:43:13.651Z] Got response from /__/functions.yaml {"endpoints":{"onUserCreated":{"platform":"gcfv1","availableMemoryMb":null,"timeoutSeconds":null,"minInstances":null,"maxInstances":null,"ingressSettings":null,"serviceAccountEmail":null,"vpc":null,"eventTrigger":{"eventType":"providers/cloud.firestore/eventTypes/document.create","eventFilters":{"resource":"projects/demo-no-project/databases/(default)/documents/users/{userId}"},"retry":false},"labels":{},"entryPoint":"onUserCreated"},"onProposalCreated":{"platform":"gcfv1","availableMemoryMb":null,"timeoutSeconds":null,"minInstances":null,"maxInstances":null,"ingressSettings":null,"serviceAccountEmail":null,"vpc":null,"eventTrigger":{"eventType":"providers/cloud.firestore/eventTypes/document.create","eventFilters":{"resource":"projects/demo-no-project/databases/(default)/documents/proposals/{proposalId}"},"retry":false},"labels":{},"entryPoint":"onProposalCreated"},"onProposalUpdated":{"platform":"gcfv1","availableMemoryMb":null,"timeoutSeconds":null,"minInstances":null,"maxInstances":null,"ingressSettings":null,"serviceAccountEmail":null,"vpc":null,"eventTrigger":{"eventType":"providers/cloud.firestore/eventTypes/document.update","eventFilters":{"resource":"projects/demo-no-project/databases/(default)/documents/proposals/{proposalId}"},"retry":false},"labels":{},"entryPoint":"onProposalUpdated"}},"specVersion":"v1alpha1","requiredAPIs":[],"extensions":{}}
[info] +  functions: Loaded functions definitions from source: onUserCreated, onProposalCreated, onProposalUpdated. {"metadata":{"emulator":{"name":"functions"},"message":"Loaded functions definitions from source: onUserCreated, onProposalCreated, onProposalUpdated."}}
[debug] [2026-01-20T03:43:17.716Z] addFirestoreTrigger "{\"eventTrigger\":{\"eventType\":\"providers/cloud.firestore/eventTypes/document.create\",\"resource\":\"projects/demo-no-project/databases/(default)/documents/users/{userId}\",\"service\":\"firestore.googleapis.com\"}}"
[debug] [2026-01-20T03:43:17.717Z] >>> [apiv2][query] PUT http://127.0.0.1:8080/emulator/v1/projects/demo-no-project/triggers/us-central1-onUserCreated-0 [none]
[debug] [2026-01-20T03:43:17.717Z] >>> [apiv2][body] PUT http://127.0.0.1:8080/emulator/v1/projects/demo-no-project/triggers/us-central1-onUserCreated-0 "{\"eventTrigger\":{\"eventType\":\"providers/cloud.firestore/eventTypes/document.create\",\"resource\":\"projects/demo-no-project/databases/(default)/documents/users/{userId}\",\"service\":\"firestore.googleapis.com\"}}"
[debug] [2026-01-20T03:43:17.722Z] Jan 19, 2026 10:43:17 PM io.gapi.emulators.netty.HttpVersionRoutingHandler channelRead
INFO: Detected non-HTTP/2 connection.
 {"metadata":{"emulator":{"name":"firestore"},"message":"Jan 19, 2026 10:43:17 PM io.gapi.emulators.netty.HttpVersionRoutingHandler channelRead\r\nINFO: Detected non-HTTP/2 connection.\r\n"}}
[debug] [2026-01-20T03:43:17.865Z] Jan 19, 2026 10:43:17 PM io.gapi.emulators.netty.HttpVersionRoutingHandler channelRead
INFO: Detected HTTP/2 connection.
 {"metadata":{"emulator":{"name":"firestore"},"message":"Jan 19, 2026 10:43:17 PM io.gapi.emulators.netty.HttpVersionRoutingHandler channelRead\r\nINFO: Detected HTTP/2 connection.\r\n"}}
[debug] [2026-01-20T03:43:18.444Z] <<< [apiv2][status] PUT http://127.0.0.1:8080/emulator/v1/projects/demo-no-project/triggers/us-central1-onUserCreated-0 200
[debug] [2026-01-20T03:43:18.444Z] <<< [apiv2][body] PUT http://127.0.0.1:8080/emulator/v1/projects/demo-no-project/triggers/us-central1-onUserCreated-0 {}
[info] +  functions[us-central1-onUserCreated]: firestore function initialized. {"metadata":{"emulator":{"name":"functions"},"message":"\u001b[1mfirestore\u001b[22m function initialized."}}
[debug] [2026-01-20T03:43:18.445Z] addFirestoreTrigger "{\"eventTrigger\":{\"eventType\":\"providers/cloud.firestore/eventTypes/document.create\",\"resource\":\"projects/demo-no-project/databases/(default)/documents/proposals/{proposalId}\",\"service\":\"firestore.googleapis.com\"}}"
[debug] [2026-01-20T03:43:18.445Z] >>> [apiv2][query] PUT http://127.0.0.1:8080/emulator/v1/projects/demo-no-project/triggers/us-central1-onProposalCreated-0 [none]
[debug] [2026-01-20T03:43:18.445Z] >>> [apiv2][body] PUT http://127.0.0.1:8080/emulator/v1/projects/demo-no-project/triggers/us-central1-onProposalCreated-0 "{\"eventTrigger\":{\"eventType\":\"providers/cloud.firestore/eventTypes/document.create\",\"resource\":\"projects/demo-no-project/databases/(default)/documents/proposals/{proposalId}\",\"service\":\"firestore.googleapis.com\"}}"
[debug] [2026-01-20T03:43:18.452Z] <<< [apiv2][status] PUT http://127.0.0.1:8080/emulator/v1/projects/demo-no-project/triggers/us-central1-onProposalCreated-0 200
[debug] [2026-01-20T03:43:18.452Z] <<< [apiv2][body] PUT http://127.0.0.1:8080/emulator/v1/projects/demo-no-project/triggers/us-central1-onProposalCreated-0 {}
[info] +  functions[us-central1-onProposalCreated]: firestore function initialized. {"metadata":{"emulator":{"name":"functions"},"message":"\u001b[1mfirestore\u001b[22m function initialized."}}
[debug] [2026-01-20T03:43:18.452Z] addFirestoreTrigger "{\"eventTrigger\":{\"eventType\":\"providers/cloud.firestore/eventTypes/document.update\",\"resource\":\"projects/demo-no-project/databases/(default)/documents/proposals/{proposalId}\",\"service\":\"firestore.googleapis.com\"}}"
[debug] [2026-01-20T03:43:18.453Z] >>> [apiv2][query] PUT http://127.0.0.1:8080/emulator/v1/projects/demo-no-project/triggers/us-central1-onProposalUpdated-0 [none]
[debug] [2026-01-20T03:43:18.453Z] >>> [apiv2][body] PUT http://127.0.0.1:8080/emulator/v1/projects/demo-no-project/triggers/us-central1-onProposalUpdated-0 "{\"eventTrigger\":{\"eventType\":\"providers/cloud.firestore/eventTypes/document.update\",\"resource\":\"projects/demo-no-project/databases/(default)/documents/proposals/{proposalId}\",\"service\":\"firestore.googleapis.com\"}}"
[debug] [2026-01-20T03:43:18.459Z] <<< [apiv2][status] PUT http://127.0.0.1:8080/emulator/v1/projects/demo-no-project/triggers/us-central1-onProposalUpdated-0 200
[debug] [2026-01-20T03:43:18.460Z] <<< [apiv2][body] PUT http://127.0.0.1:8080/emulator/v1/projects/demo-no-project/triggers/us-central1-onProposalUpdated-0 {}
[info] +  functions[us-central1-onProposalUpdated]: firestore function initialized. {"metadata":{"emulator":{"name":"functions"},"message":"\u001b[1mfirestore\u001b[22m function initialized."}}
[debug] [2026-01-20T03:43:18.466Z] Could not find VSCode notification endpoint: FetchError: request to http://localhost:40001/vscode/notify failed, reason: . If you are not running the Firebase Data Connect VSCode extension, this is expected and not an issue.
[info] 
┌─────────────────────────────────────────────────────────────┐
│ ✔  All emulators ready! It is now safe to connect your app. │
│ i  View Emulator UI at http://127.0.0.1:4000/               │
└─────────────────────────────────────────────────────────────┘

┌───────────┬────────────────┬─────────────────────────────────┐
│ Emulator  │ Host:Port      │ View in Emulator UI             │
├───────────┼────────────────┼─────────────────────────────────┤
│ Functions │ 127.0.0.1:5001 │ http://127.0.0.1:4000/functions │
├───────────┼────────────────┼─────────────────────────────────┤
│ Firestore │ 127.0.0.1:8080 │ http://127.0.0.1:4000/firestore │
└───────────┴────────────────┴─────────────────────────────────┘
  Emulator Hub host: 127.0.0.1 port: 4400
  Other reserved ports: 4500, 9150

Issues? Report them at https://github.com/firebase/firebase-tools/issues and attach the *-debug.log files.
 
[debug] [2026-01-20T03:43:21.097Z] Jan 19, 2026 10:43:21 PM com.google.cloud.datastore.emulator.firestore.websocket.WebSocketChannelHandler initChannel
INFO: Connected to new websocket client
 {"metadata":{"emulator":{"name":"firestore"},"message":"Jan 19, 2026 10:43:21 PM com.google.cloud.datastore.emulator.firestore.websocket.WebSocketChannelHandler initChannel\r\nINFO: Connected to new websocket client\r\n"}}
[debug] [2026-01-20T03:43:22.264Z] Jan 19, 2026 10:43:22 PM io.gapi.emulators.netty.HttpVersionRoutingHandler channelRead
INFO: Detected non-HTTP/2 connection.
Jan 19, 2026 10:43:22 PM io.gapi.emulators.netty.HttpVersionRoutingHandler channelRead
INFO: Detected non-HTTP/2 connection.
Jan 19, 2026 10:43:22 PM io.gapi.emulators.netty.HttpVersionRoutingHandler channelRead
INFO: Detected non-HTTP/2 connection.
 {"metadata":{"emulator":{"name":"firestore"},"message":"Jan 19, 2026 10:43:22 PM io.gapi.emulators.netty.HttpVersionRoutingHandler channelRead\r\nINFO: Detected non-HTTP/2 connection.\r\nJan 19, 2026 10:43:22 PM io.gapi.emulators.netty.HttpVersionRoutingHandler channelRead\r\nINFO: Detected non-HTTP/2 connection.\r\nJan 19, 2026 10:43:22 PM io.gapi.emulators.netty.HttpVersionRoutingHandler channelRead\r\nINFO: Detected non-HTTP/2 connection.\r\n"}}
[debug] [2026-01-20T03:43:22.278Z] Jan 19, 2026 10:43:22 PM com.google.cloud.datastore.emulator.firestore.websocket.WebSocketChannelHandler initChannel
INFO: Connected to new websocket client
 {"metadata":{"emulator":{"name":"firestore"},"message":"Jan 19, 2026 10:43:22 PM com.google.cloud.datastore.emulator.firestore.websocket.WebSocketChannelHandler initChannel\r\nINFO: Connected to new websocket client\r\n"}}
[debug] [2026-01-20T03:43:22.278Z] Jan 19, 2026 10:43:22 PM com.google.cloud.datastore.emulator.firestore.websocket.WebSocketChannelHandler channelClosed
INFO: Websocket client disconnected
 {"metadata":{"emulator":{"name":"firestore"},"message":"Jan 19, 2026 10:43:22 PM com.google.cloud.datastore.emulator.firestore.websocket.WebSocketChannelHandler channelClosed\r\nINFO: Websocket client disconnected\r\n"}}
[debug] [2026-01-20T03:43:22.289Z] Jan 19, 2026 10:43:22 PM io.gapi.emulators.netty.HttpVersionRoutingHandler channelRead
INFO: Detected non-HTTP/2 connection.
 {"metadata":{"emulator":{"name":"firestore"},"message":"Jan 19, 2026 10:43:22 PM io.gapi.emulators.netty.HttpVersionRoutingHandler channelRead\r\nINFO: Detected non-HTTP/2 connection.\r\n"}}
[debug] [2026-01-20T03:43:22.307Z] Jan 19, 2026 10:43:22 PM io.gapi.emulators.netty.HttpVersionRoutingHandler channelRead
INFO: Detected non-HTTP/2 connection.
 {"metadata":{"emulator":{"name":"firestore"},"message":"Jan 19, 2026 10:43:22 PM io.gapi.emulators.netty.HttpVersionRoutingHandler channelRead\r\nINFO: Detected non-HTTP/2 connection.\r\n"}}
[debug] [2026-01-20T03:43:22.622Z] Jan 19, 2026 10:43:22 PM io.gapi.emulators.netty.HttpVersionRoutingHandler channelRead
INFO: Detected non-HTTP/2 connection.
 {"metadata":{"emulator":{"name":"firestore"},"message":"Jan 19, 2026 10:43:22 PM io.gapi.emulators.netty.HttpVersionRoutingHandler channelRead\r\nINFO: Detected non-HTTP/2 connection.\r\n"}}
[debug] [2026-01-20T03:43:22.638Z] Jan 19, 2026 10:43:22 PM io.gapi.emulators.netty.HttpVersionRoutingHandler channelRead
INFO: Detected non-HTTP/2 connection.
 {"metadata":{"emulator":{"name":"firestore"},"message":"Jan 19, 2026 10:43:22 PM io.gapi.emulators.netty.HttpVersionRoutingHandler channelRead\r\nINFO: Detected non-HTTP/2 connection.\r\n"}}
[debug] [2026-01-20T03:43:28.688Z] Jan 19, 2026 10:43:28 PM com.google.cloud.datastore.emulator.firestore.websocket.WebSocketChannelHandler channelClosed
INFO: Websocket client disconnected
 {"metadata":{"emulator":{"name":"firestore"},"message":"Jan 19, 2026 10:43:28 PM com.google.cloud.datastore.emulator.firestore.websocket.WebSocketChannelHandler channelClosed\r\nINFO: Websocket client disconnected\r\n"}}
[debug] [2026-01-20T03:43:28.692Z] Jan 19, 2026 10:43:28 PM io.gapi.emulators.netty.HttpVersionRoutingHandler channelRead
INFO: Detected non-HTTP/2 connection.
 {"metadata":{"emulator":{"name":"firestore"},"message":"Jan 19, 2026 10:43:28 PM io.gapi.emulators.netty.HttpVersionRoutingHandler channelRead\r\nINFO: Detected non-HTTP/2 connection.\r\n"}}
[debug] [2026-01-20T03:43:28.778Z] Jan 19, 2026 10:43:28 PM com.google.cloud.datastore.emulator.firestore.websocket.WebSocketChannelHandler initChannel
INFO: Connected to new websocket client
 {"metadata":{"emulator":{"name":"firestore"},"message":"Jan 19, 2026 10:43:28 PM com.google.cloud.datastore.emulator.firestore.websocket.WebSocketChannelHandler initChannel\r\nINFO: Connected to new websocket client\r\n"}}
[debug] [2026-01-20T03:43:28.855Z] Jan 19, 2026 10:43:28 PM io.gapi.emulators.netty.HttpVersionRoutingHandler channelRead
INFO: Detected non-HTTP/2 connection.
 {"metadata":{"emulator":{"name":"firestore"},"message":"Jan 19, 2026 10:43:28 PM io.gapi.emulators.netty.HttpVersionRoutingHandler channelRead\r\nINFO: Detected non-HTTP/2 connection.\r\n"}}
[debug] [2026-01-20T03:43:28.880Z] Jan 19, 2026 10:43:28 PM io.gapi.emulators.netty.HttpVersionRoutingHandler channelRead
INFO: Detected non-HTTP/2 connection.
 {"metadata":{"emulator":{"name":"firestore"},"message":"Jan 19, 2026 10:43:28 PM io.gapi.emulators.netty.HttpVersionRoutingHandler channelRead\r\nINFO: Detected non-HTTP/2 connection.\r\n"}}
[debug] [2026-01-20T03:43:28.912Z] Jan 19, 2026 10:43:28 PM io.gapi.emulators.netty.HttpVersionRoutingHandler channelRead
INFO: Detected non-HTTP/2 connection.
 {"metadata":{"emulator":{"name":"firestore"},"message":"Jan 19, 2026 10:43:28 PM io.gapi.emulators.netty.HttpVersionRoutingHandler channelRead\r\nINFO: Detected non-HTTP/2 connection.\r\n"}}
[debug] [2026-01-20T03:44:28.941Z] Jan 19, 2026 10:44:28 PM io.gapi.emulators.netty.HttpVersionRoutingHandler channelRead
INFO: Detected non-HTTP/2 connection.
 {"metadata":{"emulator":{"name":"firestore"},"message":"Jan 19, 2026 10:44:28 PM io.gapi.emulators.netty.HttpVersionRoutingHandler channelRead\r\nINFO: Detected non-HTTP/2 connection.\r\n"}}
[debug] [2026-01-20T03:45:01.311Z] Jan 19, 2026 10:45:01 PM io.gapi.emulators.netty.HttpVersionRoutingHandler channelRead
INFO: Detected non-HTTP/2 connection.
 {"metadata":{"emulator":{"name":"firestore"},"message":"Jan 19, 2026 10:45:01 PM io.gapi.emulators.netty.HttpVersionRoutingHandler channelRead\r\nINFO: Detected non-HTTP/2 connection.\r\n"}}
[debug] [2026-01-20T03:45:01.332Z] Jan 19, 2026 10:45:01 PM io.gapi.emulators.netty.HttpVersionRoutingHandler channelRead
INFO: Detected non-HTTP/2 connection.
 {"metadata":{"emulator":{"name":"firestore"},"message":"Jan 19, 2026 10:45:01 PM io.gapi.emulators.netty.HttpVersionRoutingHandler channelRead\r\nINFO: Detected non-HTTP/2 connection.\r\n"}}
[debug] [2026-01-20T03:45:01.342Z] Jan 19, 2026 10:45:01 PM io.gapi.emulators.netty.HttpVersionRoutingHandler channelRead
INFO: Detected non-HTTP/2 connection.
 {"metadata":{"emulator":{"name":"firestore"},"message":"Jan 19, 2026 10:45:01 PM io.gapi.emulators.netty.HttpVersionRoutingHandler channelRead\r\nINFO: Detected non-HTTP/2 connection.\r\n"}}
[debug] [2026-01-20T03:45:01.491Z] [work-queue] {"queuedWork":["/functions/projects/demo-no-project/triggers/us-central1-onUserCreated-0-2026-01-20T03:45:01.491Z"],"queueLength":1,"runningWork":[],"workRunningCount":0}
[debug] [2026-01-20T03:45:01.491Z] [work-queue] {"queuedWork":[],"queueLength":0,"runningWork":["/functions/projects/demo-no-project/triggers/us-central1-onUserCreated-0-2026-01-20T03:45:01.491Z"],"workRunningCount":1}
[debug] [2026-01-20T03:45:01.491Z] Accepted request POST /functions/projects/demo-no-project/triggers/us-central1-onUserCreated-0 --> us-central1-onUserCreated-0
[debug] [2026-01-20T03:45:01.494Z] [functions] Runtime ready! Sending request! {"metadata":{"emulator":{"name":"functions"},"message":"[functions] Runtime ready! Sending request!"}}
[debug] [2026-01-20T03:45:01.495Z] [functions] Got req.url=/functions/projects/demo-no-project/triggers/us-central1-onUserCreated-0, mapping to path=/functions/projects/ {"metadata":{"emulator":{"name":"functions"},"message":"[functions] Got req.url=/functions/projects/demo-no-project/triggers/us-central1-onUserCreated-0, mapping to path=/functions/projects/"}}
[info] i  functions: Loaded environment variables from .env.local. 
[debug] [2026-01-20T03:45:01.516Z] [worker-pool] addWorker(us-central1-onUserCreated) {"metadata":{"emulator":{"name":"functions"},"message":"[worker-pool] addWorker(us-central1-onUserCreated)"}}
[debug] [2026-01-20T03:45:01.517Z] [worker-pool] Adding worker with key us-central1-onUserCreated, total=1 {"metadata":{"emulator":{"name":"functions"},"message":"[worker-pool] Adding worker with key us-central1-onUserCreated, total=1"}}
[debug] [2026-01-20T03:45:01.519Z] Jan 19, 2026 10:45:01 PM io.gapi.emulators.netty.HttpVersionRoutingHandler channelRead
INFO: Detected non-HTTP/2 connection.
 {"metadata":{"emulator":{"name":"firestore"},"message":"Jan 19, 2026 10:45:01 PM io.gapi.emulators.netty.HttpVersionRoutingHandler channelRead\r\nINFO: Detected non-HTTP/2 connection.\r\n"}}
[debug] [2026-01-20T03:45:02.887Z] [runtime-status] [4176] Resolved module firebase-admin {"declared":true,"installed":true,"version":"12.7.0","resolution":"C:\\Users\\lfage\\Sandbox\\mobile-apps\\pickle-connect\\functions\\node_modules\\firebase-admin\\lib\\index.js"} {"metadata":{"emulator":{"name":"functions"},"function":{"name":"us-central1-onUserCreated"},"extension":{},"message":"[runtime-status] [4176] Resolved module firebase-admin {\"declared\":true,\"installed\":true,\"version\":\"12.7.0\",\"resolution\":\"C:\\\\Users\\\\lfage\\\\Sandbox\\\\mobile-apps\\\\pickle-connect\\\\functions\\\\node_modules\\\\firebase-admin\\\\lib\\\\index.js\"}"}}
[debug] [2026-01-20T03:45:02.889Z] [runtime-status] [4176] Resolved module firebase-functions {"declared":true,"installed":true,"version":"5.1.1","resolution":"C:\\Users\\lfage\\Sandbox\\mobile-apps\\pickle-connect\\functions\\node_modules\\firebase-functions\\lib\\v1\\index.js"} {"metadata":{"emulator":{"name":"functions"},"function":{"name":"us-central1-onUserCreated"},"extension":{},"message":"[runtime-status] [4176] Resolved module firebase-functions {\"declared\":true,\"installed\":true,\"version\":\"5.1.1\",\"resolution\":\"C:\\\\Users\\\\lfage\\\\Sandbox\\\\mobile-apps\\\\pickle-connect\\\\functions\\\\node_modules\\\\firebase-functions\\\\lib\\\\v1\\\\index.js\"}"}}
[debug] [2026-01-20T03:45:02.889Z] [runtime-status] [4176] Outgoing network have been stubbed. [{"name":"http","status":"mocked"},{"name":"http","status":"mocked"},{"name":"https","status":"mocked"},{"name":"https","status":"mocked"},{"name":"net","status":"mocked"}] {"metadata":{"emulator":{"name":"functions"},"function":{"name":"us-central1-onUserCreated"},"extension":{},"message":"[runtime-status] [4176] Outgoing network have been stubbed. [{\"name\":\"http\",\"status\":\"mocked\"},{\"name\":\"http\",\"status\":\"mocked\"},{\"name\":\"https\",\"status\":\"mocked\"},{\"name\":\"https\",\"status\":\"mocked\"},{\"name\":\"net\",\"status\":\"mocked\"}]"}}
[debug] [2026-01-20T03:45:02.890Z] [runtime-status] [4176] Resolved module firebase-functions {"declared":true,"installed":true,"version":"5.1.1","resolution":"C:\\Users\\lfage\\Sandbox\\mobile-apps\\pickle-connect\\functions\\node_modules\\firebase-functions\\lib\\v1\\index.js"} {"metadata":{"emulator":{"name":"functions"},"function":{"name":"us-central1-onUserCreated"},"extension":{},"message":"[runtime-status] [4176] Resolved module firebase-functions {\"declared\":true,\"installed\":true,\"version\":\"5.1.1\",\"resolution\":\"C:\\\\Users\\\\lfage\\\\Sandbox\\\\mobile-apps\\\\pickle-connect\\\\functions\\\\node_modules\\\\firebase-functions\\\\lib\\\\v1\\\\index.js\"}"}}
[debug] [2026-01-20T03:45:03.122Z] [runtime-status] [4176] Resolved module firebase-admin {"declared":true,"installed":true,"version":"12.7.0","resolution":"C:\\Users\\lfage\\Sandbox\\mobile-apps\\pickle-connect\\functions\\node_modules\\firebase-admin\\lib\\index.js"} {"metadata":{"emulator":{"name":"functions"},"function":{"name":"us-central1-onUserCreated"},"extension":{},"message":"[runtime-status] [4176] Resolved module firebase-admin {\"declared\":true,\"installed\":true,\"version\":\"12.7.0\",\"resolution\":\"C:\\\\Users\\\\lfage\\\\Sandbox\\\\mobile-apps\\\\pickle-connect\\\\functions\\\\node_modules\\\\firebase-admin\\\\lib\\\\index.js\"}"}}
[debug] [2026-01-20T03:45:03.124Z] [runtime-status] [4176] Resolved module firebase-functions {"declared":true,"installed":true,"version":"5.1.1","resolution":"C:\\Users\\lfage\\Sandbox\\mobile-apps\\pickle-connect\\functions\\node_modules\\firebase-functions\\lib\\v1\\index.js"} {"metadata":{"emulator":{"name":"functions"},"function":{"name":"us-central1-onUserCreated"},"extension":{},"message":"[runtime-status] [4176] Resolved module firebase-functions {\"declared\":true,\"installed\":true,\"version\":\"5.1.1\",\"resolution\":\"C:\\\\Users\\\\lfage\\\\Sandbox\\\\mobile-apps\\\\pickle-connect\\\\functions\\\\node_modules\\\\firebase-functions\\\\lib\\\\v1\\\\index.js\"}"}}
[debug] [2026-01-20T03:45:03.232Z] Jan 19, 2026 10:45:03 PM com.google.cloud.datastore.emulator.firestore.websocket.WebSocketChannelHandler channelClosed
INFO: Websocket client disconnected
 {"metadata":{"emulator":{"name":"firestore"},"message":"Jan 19, 2026 10:45:03 PM com.google.cloud.datastore.emulator.firestore.websocket.WebSocketChannelHandler channelClosed\r\nINFO: Websocket client disconnected\r\n"}}
[debug] [2026-01-20T03:45:03.233Z] Jan 19, 2026 10:45:03 PM com.google.cloud.datastore.emulator.firestore.websocket.WebSocketChannelHandler initChannel
INFO: Connected to new websocket client
 {"metadata":{"emulator":{"name":"firestore"},"message":"Jan 19, 2026 10:45:03 PM com.google.cloud.datastore.emulator.firestore.websocket.WebSocketChannelHandler initChannel\r\nINFO: Connected to new websocket client\r\n"}}
[debug] [2026-01-20T03:45:03.235Z] Jan 19, 2026 10:45:03 PM io.gapi.emulators.netty.HttpVersionRoutingHandler channelRead
INFO: Detected non-HTTP/2 connection.
 {"metadata":{"emulator":{"name":"firestore"},"message":"Jan 19, 2026 10:45:03 PM io.gapi.emulators.netty.HttpVersionRoutingHandler channelRead\r\nINFO: Detected non-HTTP/2 connection.\r\n"}}
[debug] [2026-01-20T03:45:03.236Z] Jan 19, 2026 10:45:03 PM io.gapi.emulators.netty.HttpVersionRoutingHandler channelRead
INFO: Detected non-HTTP/2 connection.
 {"metadata":{"emulator":{"name":"firestore"},"message":"Jan 19, 2026 10:45:03 PM io.gapi.emulators.netty.HttpVersionRoutingHandler channelRead\r\nINFO: Detected non-HTTP/2 connection.\r\n"}}
[debug] [2026-01-20T03:45:03.240Z] Jan 19, 2026 10:45:03 PM com.google.cloud.datastore.emulator.firestore.webchannel.FirestoreV1WebChannelAdapter$FirestoreListenHandler onClose
INFO: channel closed
 {"metadata":{"emulator":{"name":"firestore"},"message":"Jan 19, 2026 10:45:03 PM com.google.cloud.datastore.emulator.firestore.webchannel.FirestoreV1WebChannelAdapter$FirestoreListenHandler onClose\r\nINFO: channel closed\r\n"}}
[debug] [2026-01-20T03:45:03.241Z] Jan 19, 2026 10:45:03 PM com.google.cloud.datastore.emulator.firestore.webchannel.FirestoreV1WebChannelAdapter$FirestoreWriteHandler onClose
INFO: channel closed
 {"metadata":{"emulator":{"name":"firestore"},"message":"Jan 19, 2026 10:45:03 PM com.google.cloud.datastore.emulator.firestore.webchannel.FirestoreV1WebChannelAdapter$FirestoreWriteHandler onClose\r\nINFO: channel closed\r\n"}}
[debug] [2026-01-20T03:45:03.252Z] Jan 19, 2026 10:45:03 PM io.gapi.emulators.netty.HttpVersionRoutingHandler channelRead
INFO: Detected non-HTTP/2 connection.
 {"metadata":{"emulator":{"name":"firestore"},"message":"Jan 19, 2026 10:45:03 PM io.gapi.emulators.netty.HttpVersionRoutingHandler channelRead\r\nINFO: Detected non-HTTP/2 connection.\r\n"}}
[debug] [2026-01-20T03:45:03.269Z] Jan 19, 2026 10:45:03 PM io.gapi.emulators.netty.HttpVersionRoutingHandler channelRead
INFO: Detected non-HTTP/2 connection.
 {"metadata":{"emulator":{"name":"firestore"},"message":"Jan 19, 2026 10:45:03 PM io.gapi.emulators.netty.HttpVersionRoutingHandler channelRead\r\nINFO: Detected non-HTTP/2 connection.\r\n"}}
[debug] [2026-01-20T03:45:03.280Z] Jan 19, 2026 10:45:03 PM io.gapi.emulators.netty.HttpVersionRoutingHandler channelRead
INFO: Detected non-HTTP/2 connection.
 {"metadata":{"emulator":{"name":"firestore"},"message":"Jan 19, 2026 10:45:03 PM io.gapi.emulators.netty.HttpVersionRoutingHandler channelRead\r\nINFO: Detected non-HTTP/2 connection.\r\n"}}
[debug] [2026-01-20T03:45:03.328Z] [runtime-status] [4176] firebase-admin has been stubbed. {"adminResolution":{"declared":true,"installed":true,"version":"12.7.0","resolution":"C:\\Users\\lfage\\Sandbox\\mobile-apps\\pickle-connect\\functions\\node_modules\\firebase-admin\\lib\\index.js"}} {"metadata":{"emulator":{"name":"functions"},"function":{"name":"us-central1-onUserCreated"},"extension":{},"message":"[runtime-status] [4176] firebase-admin has been stubbed. {\"adminResolution\":{\"declared\":true,\"installed\":true,\"version\":\"12.7.0\",\"resolution\":\"C:\\\\Users\\\\lfage\\\\Sandbox\\\\mobile-apps\\\\pickle-connect\\\\functions\\\\node_modules\\\\firebase-admin\\\\lib\\\\index.js\"}}"}}
[debug] [2026-01-20T03:45:03.332Z] [runtime-status] [4176] initializeApp(DEFAULT) {"storageBucket":"demo-no-project.appspot.com","databaseURL":"https://demo-no-project.firebaseio.com","projectId":"demo-no-project"} {"metadata":{"emulator":{"name":"functions"},"function":{"name":"us-central1-onUserCreated"},"extension":{},"message":"[runtime-status] [4176] initializeApp(DEFAULT) {\"storageBucket\":\"demo-no-project.appspot.com\",\"databaseURL\":\"https://demo-no-project.firebaseio.com\",\"projectId\":\"demo-no-project\"}"}}
[debug] [2026-01-20T03:45:03.509Z] [runtime-status] [4176] Functions runtime initialized. {"cwd":"C:\\Users\\lfage\\Sandbox\\mobile-apps\\pickle-connect\\functions","node_version":"20.19.0"} {"metadata":{"emulator":{"name":"functions"},"function":{"name":"us-central1-onUserCreated"},"extension":{},"message":"[runtime-status] [4176] Functions runtime initialized. {\"cwd\":\"C:\\\\Users\\\\lfage\\\\Sandbox\\\\mobile-apps\\\\pickle-connect\\\\functions\",\"node_version\":\"20.19.0\"}"}}
[debug] [2026-01-20T03:45:03.509Z] [runtime-status] [4176] Listening to port: \\?\pipe\fire_emu_4a5bc8a8d1b0f296 {"metadata":{"emulator":{"name":"functions"},"function":{"name":"us-central1-onUserCreated"},"extension":{},"message":"[runtime-status] [4176] Listening to port: \\\\?\\pipe\\fire_emu_4a5bc8a8d1b0f296"}}
[debug] [2026-01-20T03:45:03.608Z] [worker-us-central1-onUserCreated-909d9bec-0415-407d-922d-674d78dc8311]: IDLE {"metadata":{"emulator":{"name":"functions"},"function":{"name":"us-central1-onUserCreated"},"extension":{},"message":"[worker-us-central1-onUserCreated-909d9bec-0415-407d-922d-674d78dc8311]: IDLE"}}
[debug] [2026-01-20T03:45:03.608Z] [worker-pool] submitRequest(triggerId=us-central1-onUserCreated) {"metadata":{"emulator":{"name":"functions"},"message":"[worker-pool] submitRequest(triggerId=us-central1-onUserCreated)"}}
[info] i  functions: Beginning execution of "us-central1-onUserCreated" {"metadata":{"emulator":{"name":"functions"},"function":{"name":"us-central1-onUserCreated"},"extension":{},"message":"Beginning execution of \"us-central1-onUserCreated\""}}
[debug] [2026-01-20T03:45:03.609Z] [worker-us-central1-onUserCreated-909d9bec-0415-407d-922d-674d78dc8311]: BUSY {"metadata":{"emulator":{"name":"functions"},"function":{"name":"us-central1-onUserCreated"},"extension":{},"message":"[worker-us-central1-onUserCreated-909d9bec-0415-407d-922d-674d78dc8311]: BUSY"}}
[debug] [2026-01-20T03:45:03.795Z] [runtime-status] [4176] ProcessBackground: lifting resource.name from resource {"name":"projects/demo-no-project/databases/(default)/documents/users/yAMtQM6V6OIynKueUT5R","service":"firestore.googleapis.com"} {"metadata":{"emulator":{"name":"functions"},"function":{"name":"us-central1-onUserCreated"},"extension":{},"message":"[runtime-status] [4176] ProcessBackground: lifting resource.name from resource {\"name\":\"projects/demo-no-project/databases/(default)/documents/users/yAMtQM6V6OIynKueUT5R\",\"service\":\"firestore.googleapis.com\"}"}}
[debug] [2026-01-20T03:45:03.796Z] [runtime-status] [4176] RunBackground {"data":{"value":{"name":"projects/demo-no-project/databases/(default)/documents/users/yAMtQM6V6OIynKueUT5R","fields":{"email":{"stringValue":"test@example.com"},"displayName":{"stringValue":"Test User  "},"skillLevel":{"doubleValue":3.5},"createdAt":{"timestampValue":"2026-01-20T03:44:52.363Z"},"photoUrl":{"stringValue":""}},"createTime":"2026-01-20T03:45:01.407959Z","updateTime":"2026-01-20T03:45:01.407959Z"},"updateMask":{}},"context":{"eventId":"27e02f04-9df7-4813-8ea4-4a06b679cc4f","timestamp":"2026-01-20T03:45:01.407959Z","eventType":"providers/cloud.firestore/eventTypes/document.create","resource":"projects/demo-no-project/databases/(default)/documents/users/yAMtQM6V6OIynKueUT5R"}} {"metadata":{"emulator":{"name":"functions"},"function":{"name":"us-central1-onUserCreated"},"extension":{},"message":"[runtime-status] [4176] RunBackground {\"data\":{\"value\":{\"name\":\"projects/demo-no-project/databases/(default)/documents/users/yAMtQM6V6OIynKueUT5R\",\"fields\":{\"email\":{\"stringValue\":\"test@example.com\"},\"displayName\":{\"stringValue\":\"Test User  \"},\"skillLevel\":{\"doubleValue\":3.5},\"createdAt\":{\"timestampValue\":\"2026-01-20T03:44:52.363Z\"},\"photoUrl\":{\"stringValue\":\"\"}},\"createTime\":\"2026-01-20T03:45:01.407959Z\",\"updateTime\":\"2026-01-20T03:45:01.407959Z\"},\"updateMask\":{}},\"context\":{\"eventId\":\"27e02f04-9df7-4813-8ea4-4a06b679cc4f\",\"timestamp\":\"2026-01-20T03:45:01.407959Z\",\"eventType\":\"providers/cloud.firestore/eventTypes/document.create\",\"resource\":\"projects/demo-no-project/databases/(default)/documents/users/yAMtQM6V6OIynKueUT5R\"}}"}}
[info] >  [onUserCreated] New user created: yAMtQM6V6OIynKueUT5R {"user":"[onUserCreated] New user created: yAMtQM6V6OIynKueUT5R","metadata":{"emulator":{"name":"functions"},"function":{"name":"us-central1-onUserCreated"},"extension":{},"message":"\u001b[90m> \u001b[39m [onUserCreated] New user created: yAMtQM6V6OIynKueUT5R"}}
[info] >  [EmailFactory] Using Mailpit for local development {"user":"[EmailFactory] Using Mailpit for local development","metadata":{"emulator":{"name":"functions"},"function":{"name":"us-central1-onUserCreated"},"extension":{},"message":"\u001b[90m> \u001b[39m [EmailFactory] Using Mailpit for local development"}}
[info] >  [Mailpit] Email sent to test@example.com: <419b8545-c65f-3df4-d143-03687aeec0f2@pickleconnect.local> {"user":"[Mailpit] Email sent to test@example.com: <419b8545-c65f-3df4-d143-03687aeec0f2@pickleconnect.local>","metadata":{"emulator":{"name":"functions"},"function":{"name":"us-central1-onUserCreated"},"extension":{},"message":"\u001b[90m> \u001b[39m [Mailpit] Email sent to test@example.com: <419b8545-c65f-3df4-d143-03687aeec0f2@pickleconnect.local>"}}
[info] >  [onUserCreated] Welcome email sent to test@example.com {"user":"[onUserCreated] Welcome email sent to test@example.com","metadata":{"emulator":{"name":"functions"},"function":{"name":"us-central1-onUserCreated"},"extension":{},"message":"\u001b[90m> \u001b[39m [onUserCreated] Welcome email sent to test@example.com"}}
[debug] [2026-01-20T03:45:03.871Z] Finishing up request with event=pause {"metadata":{"emulator":{"name":"functions"},"function":{"name":"us-central1-onUserCreated"},"extension":{},"message":"Finishing up request with event=pause"}}
[info] i  functions: Finished "us-central1-onUserCreated" in 262.7927ms {"metadata":{"emulator":{"name":"functions"},"function":{"name":"us-central1-onUserCreated"},"extension":{},"message":"Finished \"us-central1-onUserCreated\" in 262.7927ms"}}
[debug] [2026-01-20T03:45:03.872Z] [worker-us-central1-onUserCreated-909d9bec-0415-407d-922d-674d78dc8311]: IDLE {"metadata":{"emulator":{"name":"functions"},"function":{"name":"us-central1-onUserCreated"},"extension":{},"message":"[worker-us-central1-onUserCreated-909d9bec-0415-407d-922d-674d78dc8311]: IDLE"}}
[debug] [2026-01-20T03:45:03.872Z] Finishing up request with event=finish {"metadata":{"emulator":{"name":"functions"},"function":{"name":"us-central1-onUserCreated"},"extension":{},"message":"Finishing up request with event=finish"}}
[debug] [2026-01-20T03:45:03.872Z] Finishing up request with event=close {"metadata":{"emulator":{"name":"functions"},"function":{"name":"us-central1-onUserCreated"},"extension":{},"message":"Finishing up request with event=close"}}
[debug] [2026-01-20T03:45:03.873Z] [work-queue] {"queuedWork":[],"queueLength":0,"runningWork":[],"workRunningCount":0}
[debug] [2026-01-20T03:46:03.295Z] Jan 19, 2026 10:46:03 PM io.gapi.emulators.netty.HttpVersionRoutingHandler channelRead
INFO: Detected non-HTTP/2 connection.
 {"metadata":{"emulator":{"name":"firestore"},"message":"Jan 19, 2026 10:46:03 PM io.gapi.emulators.netty.HttpVersionRoutingHandler channelRead\r\nINFO: Detected non-HTTP/2 connection.\r\n"}}
[debug] [2026-01-20T03:47:03.322Z] Jan 19, 2026 10:47:03 PM io.gapi.emulators.netty.HttpVersionRoutingHandler channelRead
INFO: Detected non-HTTP/2 connection.
 {"metadata":{"emulator":{"name":"firestore"},"message":"Jan 19, 2026 10:47:03 PM io.gapi.emulators.netty.HttpVersionRoutingHandler channelRead\r\nINFO: Detected non-HTTP/2 connection.\r\n"}}
[debug] [2026-01-20T03:47:33.698Z] Jan 19, 2026 10:47:33 PM io.gapi.emulators.netty.HttpVersionRoutingHandler channelRead
INFO: Detected non-HTTP/2 connection.
 {"metadata":{"emulator":{"name":"firestore"},"message":"Jan 19, 2026 10:47:33 PM io.gapi.emulators.netty.HttpVersionRoutingHandler channelRead\r\nINFO: Detected non-HTTP/2 connection.\r\n"}}
[debug] [2026-01-20T03:47:33.708Z] Jan 19, 2026 10:47:33 PM io.gapi.emulators.netty.HttpVersionRoutingHandler channelRead
INFO: Detected non-HTTP/2 connection.
 {"metadata":{"emulator":{"name":"firestore"},"message":"Jan 19, 2026 10:47:33 PM io.gapi.emulators.netty.HttpVersionRoutingHandler channelRead\r\nINFO: Detected non-HTTP/2 connection.\r\n"}}
[debug] [2026-01-20T03:47:33.715Z] Jan 19, 2026 10:47:33 PM io.gapi.emulators.netty.HttpVersionRoutingHandler channelRead
INFO: Detected non-HTTP/2 connection.
 {"metadata":{"emulator":{"name":"firestore"},"message":"Jan 19, 2026 10:47:33 PM io.gapi.emulators.netty.HttpVersionRoutingHandler channelRead\r\nINFO: Detected non-HTTP/2 connection.\r\n"}}
[debug] [2026-01-20T03:47:33.737Z] [work-queue] {"queuedWork":["/functions/projects/demo-no-project/triggers/us-central1-onUserCreated-0-2026-01-20T03:47:33.737Z"],"queueLength":1,"runningWork":[],"workRunningCount":0}
[debug] [2026-01-20T03:47:33.737Z] [work-queue] {"queuedWork":[],"queueLength":0,"runningWork":["/functions/projects/demo-no-project/triggers/us-central1-onUserCreated-0-2026-01-20T03:47:33.737Z"],"workRunningCount":1}
[debug] [2026-01-20T03:47:33.737Z] Accepted request POST /functions/projects/demo-no-project/triggers/us-central1-onUserCreated-0 --> us-central1-onUserCreated-0
[debug] [2026-01-20T03:47:33.740Z] [functions] Runtime ready! Sending request! {"metadata":{"emulator":{"name":"functions"},"message":"[functions] Runtime ready! Sending request!"}}
[debug] [2026-01-20T03:47:33.740Z] [functions] Got req.url=/functions/projects/demo-no-project/triggers/us-central1-onUserCreated-0, mapping to path=/functions/projects/ {"metadata":{"emulator":{"name":"functions"},"message":"[functions] Got req.url=/functions/projects/demo-no-project/triggers/us-central1-onUserCreated-0, mapping to path=/functions/projects/"}}
[debug] [2026-01-20T03:47:33.741Z] [worker-pool] submitRequest(triggerId=us-central1-onUserCreated) {"metadata":{"emulator":{"name":"functions"},"message":"[worker-pool] submitRequest(triggerId=us-central1-onUserCreated)"}}
[info] i  functions: Beginning execution of "us-central1-onUserCreated" {"metadata":{"emulator":{"name":"functions"},"function":{"name":"us-central1-onUserCreated"},"extension":{},"message":"Beginning execution of \"us-central1-onUserCreated\""}}
[debug] [2026-01-20T03:47:33.741Z] [worker-us-central1-onUserCreated-909d9bec-0415-407d-922d-674d78dc8311]: BUSY {"metadata":{"emulator":{"name":"functions"},"function":{"name":"us-central1-onUserCreated"},"extension":{},"message":"[worker-us-central1-onUserCreated-909d9bec-0415-407d-922d-674d78dc8311]: BUSY"}}
[debug] [2026-01-20T03:47:33.744Z] [runtime-status] [4176] ProcessBackground: lifting resource.name from resource {"name":"projects/demo-no-project/databases/(default)/documents/users/K10weoqGxYkRjG6Y2Ywu","service":"firestore.googleapis.com"} {"metadata":{"emulator":{"name":"functions"},"function":{"name":"us-central1-onUserCreated"},"extension":{},"message":"[runtime-status] [4176] ProcessBackground: lifting resource.name from resource {\"name\":\"projects/demo-no-project/databases/(default)/documents/users/K10weoqGxYkRjG6Y2Ywu\",\"service\":\"firestore.googleapis.com\"}"}}
[debug] [2026-01-20T03:47:33.744Z] [runtime-status] [4176] RunBackground {"data":{"value":{"name":"projects/demo-no-project/databases/(default)/documents/users/K10weoqGxYkRjG6Y2Ywu","fields":{"email":{"stringValue":"player2@example.com"},"displayName":{"stringValue":"Player Two   "}},"createTime":"2026-01-20T03:47:33.721771Z","updateTime":"2026-01-20T03:47:33.721771Z"},"updateMask":{}},"context":{"eventId":"6bd883c9-1475-4412-9d48-0d904824c164","timestamp":"2026-01-20T03:47:33.721771Z","eventType":"providers/cloud.firestore/eventTypes/document.create","resource":"projects/demo-no-project/databases/(default)/documents/users/K10weoqGxYkRjG6Y2Ywu"}} {"metadata":{"emulator":{"name":"functions"},"function":{"name":"us-central1-onUserCreated"},"extension":{},"message":"[runtime-status] [4176] RunBackground {\"data\":{\"value\":{\"name\":\"projects/demo-no-project/databases/(default)/documents/users/K10weoqGxYkRjG6Y2Ywu\",\"fields\":{\"email\":{\"stringValue\":\"player2@example.com\"},\"displayName\":{\"stringValue\":\"Player Two   \"}},\"createTime\":\"2026-01-20T03:47:33.721771Z\",\"updateTime\":\"2026-01-20T03:47:33.721771Z\"},\"updateMask\":{}},\"context\":{\"eventId\":\"6bd883c9-1475-4412-9d48-0d904824c164\",\"timestamp\":\"2026-01-20T03:47:33.721771Z\",\"eventType\":\"providers/cloud.firestore/eventTypes/document.create\",\"resource\":\"projects/demo-no-project/databases/(default)/documents/users/K10weoqGxYkRjG6Y2Ywu\"}}"}}
[info] >  [onUserCreated] New user created: K10weoqGxYkRjG6Y2Ywu {"user":"[onUserCreated] New user created: K10weoqGxYkRjG6Y2Ywu","metadata":{"emulator":{"name":"functions"},"function":{"name":"us-central1-onUserCreated"},"extension":{},"message":"\u001b[90m> \u001b[39m [onUserCreated] New user created: K10weoqGxYkRjG6Y2Ywu"}}
[debug] [2026-01-20T03:47:33.768Z] Jan 19, 2026 10:47:33 PM io.gapi.emulators.netty.HttpVersionRoutingHandler channelRead
INFO: Detected non-HTTP/2 connection.
 {"metadata":{"emulator":{"name":"firestore"},"message":"Jan 19, 2026 10:47:33 PM io.gapi.emulators.netty.HttpVersionRoutingHandler channelRead\r\nINFO: Detected non-HTTP/2 connection.\r\n"}}
[info] >  [Mailpit] Email sent to player2@example.com: <5da14edf-dd5d-1809-c529-09f4affa5da7@pickleconnect.local> {"user":"[Mailpit] Email sent to player2@example.com: <5da14edf-dd5d-1809-c529-09f4affa5da7@pickleconnect.local>","metadata":{"emulator":{"name":"functions"},"function":{"name":"us-central1-onUserCreated"},"extension":{},"message":"\u001b[90m> \u001b[39m [Mailpit] Email sent to player2@example.com: <5da14edf-dd5d-1809-c529-09f4affa5da7@pickleconnect.local>"}}
[debug] [2026-01-20T03:47:33.784Z] Finishing up request with event=pause {"metadata":{"emulator":{"name":"functions"},"function":{"name":"us-central1-onUserCreated"},"extension":{},"message":"Finishing up request with event=pause"}}
[info] i  functions: Finished "us-central1-onUserCreated" in 43.097ms {"metadata":{"emulator":{"name":"functions"},"function":{"name":"us-central1-onUserCreated"},"extension":{},"message":"Finished \"us-central1-onUserCreated\" in 43.097ms"}}
[debug] [2026-01-20T03:47:33.785Z] [worker-us-central1-onUserCreated-909d9bec-0415-407d-922d-674d78dc8311]: IDLE {"metadata":{"emulator":{"name":"functions"},"function":{"name":"us-central1-onUserCreated"},"extension":{},"message":"[worker-us-central1-onUserCreated-909d9bec-0415-407d-922d-674d78dc8311]: IDLE"}}
[debug] [2026-01-20T03:47:33.785Z] Finishing up request with event=finish {"metadata":{"emulator":{"name":"functions"},"function":{"name":"us-central1-onUserCreated"},"extension":{},"message":"Finishing up request with event=finish"}}
[debug] [2026-01-20T03:47:33.785Z] Finishing up request with event=close {"metadata":{"emulator":{"name":"functions"},"function":{"name":"us-central1-onUserCreated"},"extension":{},"message":"Finishing up request with event=close"}}
[debug] [2026-01-20T03:47:33.785Z] [work-queue] {"queuedWork":[],"queueLength":0,"runningWork":[],"workRunningCount":0}
[info] >  [onUserCreated] Welcome email sent to player2@example.com {"user":"[onUserCreated] Welcome email sent to player2@example.com","metadata":{"emulator":{"name":"functions"},"function":{"name":"us-central1-onUserCreated"},"extension":{},"message":"\u001b[90m> \u001b[39m [onUserCreated] Welcome email sent to player2@example.com"}}
[debug] [2026-01-20T03:47:34.519Z] Jan 19, 2026 10:47:34 PM com.google.cloud.datastore.emulator.firestore.websocket.WebSocketChannelHandler channelClosed
INFO: Websocket client disconnected
 {"metadata":{"emulator":{"name":"firestore"},"message":"Jan 19, 2026 10:47:34 PM com.google.cloud.datastore.emulator.firestore.websocket.WebSocketChannelHandler channelClosed\r\nINFO: Websocket client disconnected\r\n"}}
[debug] [2026-01-20T03:47:34.520Z] Jan 19, 2026 10:47:34 PM com.google.cloud.datastore.emulator.firestore.websocket.WebSocketChannelHandler initChannel
INFO: Connected to new websocket client
 {"metadata":{"emulator":{"name":"firestore"},"message":"Jan 19, 2026 10:47:34 PM com.google.cloud.datastore.emulator.firestore.websocket.WebSocketChannelHandler initChannel\r\nINFO: Connected to new websocket client\r\n"}}
[debug] [2026-01-20T03:47:34.521Z] Jan 19, 2026 10:47:34 PM io.gapi.emulators.netty.HttpVersionRoutingHandler channelRead
INFO: Detected non-HTTP/2 connection.
 {"metadata":{"emulator":{"name":"firestore"},"message":"Jan 19, 2026 10:47:34 PM io.gapi.emulators.netty.HttpVersionRoutingHandler channelRead\r\nINFO: Detected non-HTTP/2 connection.\r\n"}}
[debug] [2026-01-20T03:47:34.523Z] Jan 19, 2026 10:47:34 PM io.gapi.emulators.netty.HttpVersionRoutingHandler channelRead
INFO: Detected non-HTTP/2 connection.
 {"metadata":{"emulator":{"name":"firestore"},"message":"Jan 19, 2026 10:47:34 PM io.gapi.emulators.netty.HttpVersionRoutingHandler channelRead\r\nINFO: Detected non-HTTP/2 connection.\r\n"}}
[debug] [2026-01-20T03:47:34.526Z] Jan 19, 2026 10:47:34 PM com.google.cloud.datastore.emulator.firestore.webchannel.FirestoreV1WebChannelAdapter$FirestoreListenHandler onClose
INFO: channel closed
 {"metadata":{"emulator":{"name":"firestore"},"message":"Jan 19, 2026 10:47:34 PM com.google.cloud.datastore.emulator.firestore.webchannel.FirestoreV1WebChannelAdapter$FirestoreListenHandler onClose\r\nINFO: channel closed\r\n"}}
[debug] [2026-01-20T03:47:34.528Z] Jan 19, 2026 10:47:34 PM com.google.cloud.datastore.emulator.firestore.webchannel.FirestoreV1WebChannelAdapter$FirestoreWriteHandler onClose
INFO: channel closed
 {"metadata":{"emulator":{"name":"firestore"},"message":"Jan 19, 2026 10:47:34 PM com.google.cloud.datastore.emulator.firestore.webchannel.FirestoreV1WebChannelAdapter$FirestoreWriteHandler onClose\r\nINFO: channel closed\r\n"}}
[debug] [2026-01-20T03:47:34.537Z] Jan 19, 2026 10:47:34 PM io.gapi.emulators.netty.HttpVersionRoutingHandler channelRead
INFO: Detected non-HTTP/2 connection.
 {"metadata":{"emulator":{"name":"firestore"},"message":"Jan 19, 2026 10:47:34 PM io.gapi.emulators.netty.HttpVersionRoutingHandler channelRead\r\nINFO: Detected non-HTTP/2 connection.\r\n"}}
[debug] [2026-01-20T03:47:34.550Z] Jan 19, 2026 10:47:34 PM io.gapi.emulators.netty.HttpVersionRoutingHandler channelRead
INFO: Detected non-HTTP/2 connection.
 {"metadata":{"emulator":{"name":"firestore"},"message":"Jan 19, 2026 10:47:34 PM io.gapi.emulators.netty.HttpVersionRoutingHandler channelRead\r\nINFO: Detected non-HTTP/2 connection.\r\n"}}
[debug] [2026-01-20T03:47:34.562Z] Jan 19, 2026 10:47:34 PM io.gapi.emulators.netty.HttpVersionRoutingHandler channelRead
INFO: Detected non-HTTP/2 connection.
 {"metadata":{"emulator":{"name":"firestore"},"message":"Jan 19, 2026 10:47:34 PM io.gapi.emulators.netty.HttpVersionRoutingHandler channelRead\r\nINFO: Detected non-HTTP/2 connection.\r\n"}}
[debug] [2026-01-20T03:48:23.197Z] Jan 19, 2026 10:48:23 PM io.gapi.emulators.netty.HttpVersionRoutingHandler channelRead
INFO: Detected non-HTTP/2 connection.
 {"metadata":{"emulator":{"name":"firestore"},"message":"Jan 19, 2026 10:48:23 PM io.gapi.emulators.netty.HttpVersionRoutingHandler channelRead\r\nINFO: Detected non-HTTP/2 connection.\r\n"}}
[debug] [2026-01-20T03:48:23.211Z] Jan 19, 2026 10:48:23 PM io.gapi.emulators.netty.HttpVersionRoutingHandler channelRead
INFO: Detected non-HTTP/2 connection.
 {"metadata":{"emulator":{"name":"firestore"},"message":"Jan 19, 2026 10:48:23 PM io.gapi.emulators.netty.HttpVersionRoutingHandler channelRead\r\nINFO: Detected non-HTTP/2 connection.\r\n"}}
